<?xml version="1.0" encoding="UTF-8"?>
<testng-results ignored="1" total="1" passed="0" failed="0" skipped="0">
  <reporter-output>
  </reporter-output>
  <suite started-at="2022-04-08T16:30:23 IST" name="Default suite" finished-at="2022-04-08T16:30:25 IST" duration-ms="1765">
    <groups>
    </groups>
    <test started-at="2022-04-08T16:30:23 IST" name="Default test" finished-at="2022-04-08T16:30:25 IST" duration-ms="1765">
      <class name="window_handlings.WindowHandlings1">
        <test-method is-config="true" signature="driverLaunch()[pri:0, instance:window_handlings.WindowHandlings1@4d5650ae]" started-at="2022-04-08T16:29:18 IST" name="driverLaunch" finished-at="2022-04-08T16:30:23 IST" duration-ms="65974" status="PASS">
          <reporter-output>
          </reporter-output>
        </test-method> <!-- driverLaunch -->
        <test-method is-config="true" signature="waitsGiven()[pri:0, instance:window_handlings.WindowHandlings1@4d5650ae]" started-at="2022-04-08T16:30:24 IST" name="waitsGiven" finished-at="2022-04-08T16:30:24 IST" duration-ms="168" status="PASS">
          <reporter-output>
          </reporter-output>
        </test-method> <!-- waitsGiven -->
        <test-method is-config="true" signature="endSuit()[pri:0, instance:window_handlings.WindowHandlings1@4d5650ae]" started-at="2022-04-08T16:30:26 IST" name="endSuit" finished-at="2022-04-08T16:30:31 IST" duration-ms="4801" status="PASS">
          <reporter-output>
          </reporter-output>
        </test-method> <!-- endSuit -->
      </class> <!-- window_handlings.WindowHandlings1 -->
    </test> <!-- Default test -->
  </suite> <!-- Default suite -->
</testng-results>
